<?xml version="1.0" encoding="UTF-8"?>
<testng-results skipped="0" failed="1" total="1" passed="0">
  <reporter-output>
    <line>
      <![CDATA[<div "featureFile">Feature File: LPLCommonUI.feature</div>]]>
    </line>
    <line>
      <![CDATA[<div "feature">Feature: LitPro library</div>]]>
    </line>
    <line>
      <![CDATA[<div "scenario">Scenario: LitProLibrary - Validating the Usage Details of the student - Teacher</div>]]>
    </line>
    <line>
      <![CDATA[<div "result">When  I login into SLZ as a &quot;Student&quot; (passed : 3s)</div>]]>
    </line>
    <line>
      <![CDATA[<div "result">Then  I should collect the usage detail info (passed : 7s)</div>]]>
    </line>
    <line>
      <![CDATA[<div "result">When  I login into SLZ as a &quot;Teacher&quot; (failed : 9s)</div>]]>
    </line>
    <line>
      <![CDATA[<div "result">Then  I should click on &quot;breaking bad 6&quot; in roster tree (skipped)</div>]]>
    </line>
    <line>
      <![CDATA[<div "result">Then  I should click on &quot;Lui Class&quot; in roster tree (skipped)</div>]]>
    </line>
    <line>
      <![CDATA[<div "result">Then  I should click on student &quot;Snow Jon&quot; in roster tree (skipped)</div>]]>
    </line>
    <line>
      <![CDATA[<div "result">Then  I should compare usage detail info of student with teacher (skipped)</div>]]>
    </line>
  </reporter-output>
  <suite name="Reading Pro Test Suite" duration-ms="27546" started-at="2018-05-22T07:16:47Z" finished-at="2018-05-22T07:17:15Z">
    <groups>
      <group name="cucumber">
        <method signature="CukesByFeatureAndCompositionTest.feature(cucumber.api.testng.CucumberFeatureWrapper)[pri:0, instance:com.scholastic.intl.litpro.test.automation.tests.CucumberFeatureSuite@23ceabc1]" name="feature" class="com.scholastic.torque.cucumber.testng.CukesByFeatureAndCompositionTest"/>
      </group> <!-- cucumber -->
    </groups>
    <test name="@vikram" duration-ms="27546" started-at="2018-05-22T07:16:47Z" finished-at="2018-05-22T07:17:15Z">
      <class name="com.scholastic.intl.litpro.test.automation.tests.CucumberFeatureSuite">
        <test-method status="PASS" signature="setUpClass(org.testng.ITestContext)[pri:0, instance:com.scholastic.intl.litpro.test.automation.tests.CucumberFeatureSuite@23ceabc1]" name="setUpClass" is-config="true" duration-ms="1019" started-at="2018-05-22T12:46:47Z" finished-at="2018-05-22T12:46:48Z">
          <params>
            <param index="0">
              <value>
                <![CDATA[org.testng.TestRunner@7d9d1a19]]>
              </value>
            </param>
          </params>
          <reporter-output>
          </reporter-output>
        </test-method> <!-- setUpClass -->
        <test-method status="FAIL" signature="feature(cucumber.api.testng.CucumberFeatureWrapper)[pri:0, instance:com.scholastic.intl.litpro.test.automation.tests.CucumberFeatureSuite@23ceabc1]" name="feature" duration-ms="26277" started-at="2018-05-22T12:46:49Z" description="Runs Cucumber Feature" data-provider="features" finished-at="2018-05-22T12:47:15Z">
          <params>
            <param index="0">
              <value>
                <![CDATA[LitPro library]]>
              </value>
            </param>
          </params>
          <exception class="cucumber.runtime.CucumberException">
            <message>
              <![CDATA[org.openqa.selenium.WebDriverException: chrome not reachable
  (Session info: chrome=65.0.3325.146)
  (Driver info: chromedriver=2.38.552522 (437e6fbedfa8762dec75e2c5b3ddb86763dc9dcb),platform=Linux 3.19.0-65-generic x86_64) (WARNING: The server did not provide any stacktrace information)
Command duration or timeout: 4 milliseconds
Build info: version: '2.53.1', revision: 'a36b8b1cd5757287168e54b817830adce9b0158d', time: '2016-06-30 19:26:09'
System info: host: 'jagadeesh-ThinkPad-L450', ip: '127.0.1.1', os.name: 'Linux', os.arch: 'amd64', os.version: '3.19.0-65-generic', java.version: '1.8.0_161'
Driver info: org.openqa.selenium.chrome.ChromeDriver
Capabilities [{applicationCacheEnabled=false, rotatable=false, mobileEmulationEnabled=false, networkConnectionEnabled=false, chrome={chromedriverVersion=2.38.552522 (437e6fbedfa8762dec75e2c5b3ddb86763dc9dcb), userDataDir=/tmp/.org.chromium.Chromium.mmeNyk}, takesHeapSnapshot=true, pageLoadStrategy=normal, databaseEnabled=false, handlesAlerts=true, hasTouchScreen=false, version=65.0.3325.146, platform=LINUX, browserConnectionEnabled=false, nativeEvents=true, acceptSslCerts=false, acceptInsecureCerts=false, locationContextEnabled=true, webStorageEnabled=true, browserName=chrome, takesScreenshot=true, javascriptEnabled=true, cssSelectorsEnabled=true, setWindowRect=true, unexpectedAlertBehaviour=}]
Session ID: 0b0258c019d9033c323ba249d6d5ac64
*** Element info: {Using=name, value=UserName}]]>
            </message>
            <full-stacktrace>
              <![CDATA[cucumber.runtime.CucumberException: org.openqa.selenium.WebDriverException: chrome not reachable
  (Session info: chrome=65.0.3325.146)
  (Driver info: chromedriver=2.38.552522 (437e6fbedfa8762dec75e2c5b3ddb86763dc9dcb),platform=Linux 3.19.0-65-generic x86_64) (WARNING: The server did not provide any stacktrace information)
Command duration or timeout: 4 milliseconds
Build info: version: '2.53.1', revision: 'a36b8b1cd5757287168e54b817830adce9b0158d', time: '2016-06-30 19:26:09'
System info: host: 'jagadeesh-ThinkPad-L450', ip: '127.0.1.1', os.name: 'Linux', os.arch: 'amd64', os.version: '3.19.0-65-generic', java.version: '1.8.0_161'
Driver info: org.openqa.selenium.chrome.ChromeDriver
Capabilities [{applicationCacheEnabled=false, rotatable=false, mobileEmulationEnabled=false, networkConnectionEnabled=false, chrome={chromedriverVersion=2.38.552522 (437e6fbedfa8762dec75e2c5b3ddb86763dc9dcb), userDataDir=/tmp/.org.chromium.Chromium.mmeNyk}, takesHeapSnapshot=true, pageLoadStrategy=normal, databaseEnabled=false, handlesAlerts=true, hasTouchScreen=false, version=65.0.3325.146, platform=LINUX, browserConnectionEnabled=false, nativeEvents=true, acceptSslCerts=false, acceptInsecureCerts=false, locationContextEnabled=true, webStorageEnabled=true, browserName=chrome, takesScreenshot=true, javascriptEnabled=true, cssSelectorsEnabled=true, setWindowRect=true, unexpectedAlertBehaviour=}]
Session ID: 0b0258c019d9033c323ba249d6d5ac64
*** Element info: {Using=name, value=UserName}
	at com.scholastic.torque.cucumber.testng.CucumberTestNGRunner.runCucumber(CucumberTestNGRunner.java:111)
	at com.scholastic.torque.cucumber.testng.CukesByFeatureAndCompositionTest.feature(CukesByFeatureAndCompositionTest.java:22)
	at sun.reflect.NativeMethodAccessorImpl.invoke0(Native Method)
	at sun.reflect.NativeMethodAccessorImpl.invoke(NativeMethodAccessorImpl.java:62)
	at sun.reflect.DelegatingMethodAccessorImpl.invoke(DelegatingMethodAccessorImpl.java:43)
	at java.lang.reflect.Method.invoke(Method.java:498)
	at org.testng.internal.MethodInvocationHelper.invokeMethod(MethodInvocationHelper.java:86)
	at org.testng.internal.Invoker.invokeMethod(Invoker.java:643)
	at org.testng.internal.Invoker.invokeTestMethod(Invoker.java:820)
	at org.testng.internal.Invoker.invokeTestMethods(Invoker.java:1128)
	at org.testng.internal.TestMethodWorker.invokeTestMethods(TestMethodWorker.java:129)
	at org.testng.internal.TestMethodWorker.run(TestMethodWorker.java:112)
	at org.testng.TestRunner.privateRun(TestRunner.java:782)
	at org.testng.TestRunner.run(TestRunner.java:632)
	at org.testng.SuiteRunner.runTest(SuiteRunner.java:366)
	at org.testng.SuiteRunner.access$000(SuiteRunner.java:39)
	at org.testng.SuiteRunner$SuiteWorker.run(SuiteRunner.java:400)
	at org.testng.internal.thread.ThreadUtil$2.call(ThreadUtil.java:64)
	at java.util.concurrent.FutureTask.run(FutureTask.java:266)
	at java.util.concurrent.ThreadPoolExecutor.runWorker(ThreadPoolExecutor.java:1149)
	at java.util.concurrent.ThreadPoolExecutor$Worker.run(ThreadPoolExecutor.java:624)
	at java.lang.Thread.run(Thread.java:748)
Caused by: org.openqa.selenium.WebDriverException: chrome not reachable
  (Session info: chrome=65.0.3325.146)
  (Driver info: chromedriver=2.38.552522 (437e6fbedfa8762dec75e2c5b3ddb86763dc9dcb),platform=Linux 3.19.0-65-generic x86_64) (WARNING: The server did not provide any stacktrace information)
Command duration or timeout: 4 milliseconds
Build info: version: '2.53.1', revision: 'a36b8b1cd5757287168e54b817830adce9b0158d', time: '2016-06-30 19:26:09'
System info: host: 'jagadeesh-ThinkPad-L450', ip: '127.0.1.1', os.name: 'Linux', os.arch: 'amd64', os.version: '3.19.0-65-generic', java.version: '1.8.0_161'
Driver info: org.openqa.selenium.chrome.ChromeDriver
Capabilities [{applicationCacheEnabled=false, rotatable=false, mobileEmulationEnabled=false, networkConnectionEnabled=false, chrome={chromedriverVersion=2.38.552522 (437e6fbedfa8762dec75e2c5b3ddb86763dc9dcb), userDataDir=/tmp/.org.chromium.Chromium.mmeNyk}, takesHeapSnapshot=true, pageLoadStrategy=normal, databaseEnabled=false, handlesAlerts=true, hasTouchScreen=false, version=65.0.3325.146, platform=LINUX, browserConnectionEnabled=false, nativeEvents=true, acceptSslCerts=false, acceptInsecureCerts=false, locationContextEnabled=true, webStorageEnabled=true, browserName=chrome, takesScreenshot=true, javascriptEnabled=true, cssSelectorsEnabled=true, setWindowRect=true, unexpectedAlertBehaviour=}]
Session ID: 0b0258c019d9033c323ba249d6d5ac64
*** Element info: {Using=name, value=UserName}
	at sun.reflect.NativeConstructorAccessorImpl.newInstance0(Native Method)
	at sun.reflect.NativeConstructorAccessorImpl.newInstance(NativeConstructorAccessorImpl.java:62)
	at sun.reflect.DelegatingConstructorAccessorImpl.newInstance(DelegatingConstructorAccessorImpl.java:45)
	at java.lang.reflect.Constructor.newInstance(Constructor.java:423)
	at org.openqa.selenium.remote.ErrorHandler.createThrowable(ErrorHandler.java:206)
	at org.openqa.selenium.remote.ErrorHandler.throwIfResponseFailed(ErrorHandler.java:158)
	at org.openqa.selenium.remote.RemoteWebDriver.execute(RemoteWebDriver.java:678)
	at org.openqa.selenium.remote.RemoteWebDriver.findElement(RemoteWebDriver.java:363)
	at org.openqa.selenium.remote.RemoteWebDriver.findElementByName(RemoteWebDriver.java:461)
	at org.openqa.selenium.By$ByName.findElement(By.java:303)
	at org.openqa.selenium.remote.RemoteWebDriver.findElement(RemoteWebDriver.java:355)
	at com.scholastic.intl.litpro.test.automation.pageobjects.ParentPage$1.apply(ParentPage.java:146)
	at com.scholastic.intl.litpro.test.automation.pageobjects.ParentPage$1.apply(ParentPage.java:1)
	at org.openqa.selenium.support.ui.FluentWait.until(FluentWait.java:238)
	at com.scholastic.intl.litpro.test.automation.pageobjects.ParentPage.getElement(ParentPage.java:152)
	at com.scholastic.intl.litpro.test.automation.pageobjects.SlzLoginPg.login(SlzLoginPg.java:235)
	at com.scholastic.intl.litpro.test.automation.pageobjects.SlzLoginPg.loginAs(SlzLoginPg.java:248)
	at com.scholastic.intl.litpro.test.automation.pageobjects.BasePage.launchPortal(BasePage.java:54)
	at com.scholastic.intl.litpro.test.automation.stepdefs.lpl.LplCommonFlow.i_login_into_SLZ_as_a(LplCommonFlow.java:83)
	at âœ½.When I login into SLZ as a "Teacher"(LPLCommonUI.feature:402)
]]>
            </full-stacktrace>
          </exception> <!-- cucumber.runtime.CucumberException -->
          <reporter-output>
            <line>
              <![CDATA[<div "featureFile">Feature File: LPLCommonUI.feature</div>]]>
            </line>
            <line>
              <![CDATA[<div "feature">Feature: LitPro library</div>]]>
            </line>
            <line>
              <![CDATA[<div "scenario">Scenario: LitProLibrary - Validating the Usage Details of the student - Teacher</div>]]>
            </line>
            <line>
              <![CDATA[<div "result">When  I login into SLZ as a &quot;Student&quot; (passed : 3s)</div>]]>
            </line>
            <line>
              <![CDATA[<div "result">Then  I should collect the usage detail info (passed : 7s)</div>]]>
            </line>
            <line>
              <![CDATA[<div "result">When  I login into SLZ as a &quot;Teacher&quot; (failed : 9s)</div>]]>
            </line>
            <line>
              <![CDATA[<div "result">Then  I should click on &quot;breaking bad 6&quot; in roster tree (skipped)</div>]]>
            </line>
            <line>
              <![CDATA[<div "result">Then  I should click on &quot;Lui Class&quot; in roster tree (skipped)</div>]]>
            </line>
            <line>
              <![CDATA[<div "result">Then  I should click on student &quot;Snow Jon&quot; in roster tree (skipped)</div>]]>
            </line>
            <line>
              <![CDATA[<div "result">Then  I should compare usage detail info of student with teacher (skipped)</div>]]>
            </line>
          </reporter-output>
        </test-method> <!-- feature -->
        <test-method status="PASS" signature="tearDownClass()[pri:0, instance:com.scholastic.intl.litpro.test.automation.tests.CucumberFeatureSuite@23ceabc1]" name="tearDownClass" is-config="true" duration-ms="94" started-at="2018-05-22T12:47:15Z" finished-at="2018-05-22T12:47:15Z">
          <reporter-output>
          </reporter-output>
        </test-method> <!-- tearDownClass -->
      </class> <!-- com.scholastic.intl.litpro.test.automation.tests.CucumberFeatureSuite -->
    </test> <!-- @vikram -->
  </suite> <!-- Reading Pro Test Suite -->
</testng-results>
