<?xml version="1.0" encoding="UTF-8"?>
<testng-results skipped="0" failed="1" total="1" passed="0">
  <reporter-output>
    <line>
      <![CDATA[<div "featureFile">Feature File: LPLCommonUI.feature</div>]]>
    </line>
    <line>
      <![CDATA[<div "feature">Feature: LitPro library</div>]]>
    </line>
    <line>
      <![CDATA[<div "scenario">Scenario: LitProLibrary - Validating the Usage Details of the student - Teacher</div>]]>
    </line>
    <line>
      <![CDATA[<div "result">When  I login into SLZ as a &quot;Student&quot; (passed : 2s)</div>]]>
    </line>
    <line>
      <![CDATA[<div "result">Then  I should collect the usage detail info (passed : 7s)</div>]]>
    </line>
    <line>
      <![CDATA[<div "result">When  I login into SLZ as a &quot;Teacher&quot; (failed : 361s)</div>]]>
    </line>
    <line>
      <![CDATA[<div "result">Then  I should click on &quot;breaking bad 6&quot; in roster tree (skipped)</div>]]>
    </line>
    <line>
      <![CDATA[<div "result">Then  I should click on &quot;Lui Class&quot; in roster tree (skipped)</div>]]>
    </line>
    <line>
      <![CDATA[<div "result">Then  I should click on student &quot;Snow Jon&quot; in roster tree (skipped)</div>]]>
    </line>
    <line>
      <![CDATA[<div "result">Then  I should compare usage detail info of student with teacher (skipped)</div>]]>
    </line>
  </reporter-output>
  <suite name="Reading Pro Test Suite" duration-ms="379670" started-at="2018-05-22T07:17:38Z" finished-at="2018-05-22T07:23:58Z">
    <groups>
      <group name="cucumber">
        <method signature="CukesByFeatureAndCompositionTest.feature(cucumber.api.testng.CucumberFeatureWrapper)[pri:0, instance:com.scholastic.intl.litpro.test.automation.tests.CucumberFeatureSuite@4f970963]" name="feature" class="com.scholastic.torque.cucumber.testng.CukesByFeatureAndCompositionTest"/>
      </group> <!-- cucumber -->
    </groups>
    <test name="@vikram" duration-ms="379670" started-at="2018-05-22T07:17:38Z" finished-at="2018-05-22T07:23:58Z">
      <class name="com.scholastic.intl.litpro.test.automation.tests.CucumberFeatureSuite">
        <test-method status="PASS" signature="setUpClass(org.testng.ITestContext)[pri:0, instance:com.scholastic.intl.litpro.test.automation.tests.CucumberFeatureSuite@4f970963]" name="setUpClass" is-config="true" duration-ms="879" started-at="2018-05-22T12:47:38Z" finished-at="2018-05-22T12:47:39Z">
          <params>
            <param index="0">
              <value>
                <![CDATA[org.testng.TestRunner@78e67e0a]]>
              </value>
            </param>
          </params>
          <reporter-output>
          </reporter-output>
        </test-method> <!-- setUpClass -->
        <test-method status="FAIL" signature="feature(cucumber.api.testng.CucumberFeatureWrapper)[pri:0, instance:com.scholastic.intl.litpro.test.automation.tests.CucumberFeatureSuite@4f970963]" name="feature" duration-ms="378487" started-at="2018-05-22T12:47:39Z" description="Runs Cucumber Feature" data-provider="features" finished-at="2018-05-22T12:53:58Z">
          <params>
            <param index="0">
              <value>
                <![CDATA[LitPro library]]>
              </value>
            </param>
          </params>
          <exception class="cucumber.runtime.CucumberException">
            <message>
              <![CDATA[java.lang.NullPointerException]]>
            </message>
            <full-stacktrace>
              <![CDATA[cucumber.runtime.CucumberException: java.lang.NullPointerException
	at com.scholastic.torque.cucumber.testng.CucumberTestNGRunner.runCucumber(CucumberTestNGRunner.java:111)
	at com.scholastic.torque.cucumber.testng.CukesByFeatureAndCompositionTest.feature(CukesByFeatureAndCompositionTest.java:22)
	at sun.reflect.NativeMethodAccessorImpl.invoke0(Native Method)
	at sun.reflect.NativeMethodAccessorImpl.invoke(NativeMethodAccessorImpl.java:62)
	at sun.reflect.DelegatingMethodAccessorImpl.invoke(DelegatingMethodAccessorImpl.java:43)
	at java.lang.reflect.Method.invoke(Method.java:498)
	at org.testng.internal.MethodInvocationHelper.invokeMethod(MethodInvocationHelper.java:86)
	at org.testng.internal.Invoker.invokeMethod(Invoker.java:643)
	at org.testng.internal.Invoker.invokeTestMethod(Invoker.java:820)
	at org.testng.internal.Invoker.invokeTestMethods(Invoker.java:1128)
	at org.testng.internal.TestMethodWorker.invokeTestMethods(TestMethodWorker.java:129)
	at org.testng.internal.TestMethodWorker.run(TestMethodWorker.java:112)
	at org.testng.TestRunner.privateRun(TestRunner.java:782)
	at org.testng.TestRunner.run(TestRunner.java:632)
	at org.testng.SuiteRunner.runTest(SuiteRunner.java:366)
	at org.testng.SuiteRunner.access$000(SuiteRunner.java:39)
	at org.testng.SuiteRunner$SuiteWorker.run(SuiteRunner.java:400)
	at org.testng.internal.thread.ThreadUtil$2.call(ThreadUtil.java:64)
	at java.util.concurrent.FutureTask.run(FutureTask.java:266)
	at java.util.concurrent.ThreadPoolExecutor.runWorker(ThreadPoolExecutor.java:1149)
	at java.util.concurrent.ThreadPoolExecutor$Worker.run(ThreadPoolExecutor.java:624)
	at java.lang.Thread.run(Thread.java:748)
Caused by: java.lang.NullPointerException
	at org.openqa.selenium.support.ui.ExpectedConditions.elementIfVisible(ExpectedConditions.java:302)
	at org.openqa.selenium.support.ui.ExpectedConditions.access$100(ExpectedConditions.java:41)
	at org.openqa.selenium.support.ui.ExpectedConditions$10.apply(ExpectedConditions.java:288)
	at org.openqa.selenium.support.ui.ExpectedConditions$10.apply(ExpectedConditions.java:285)
	at org.openqa.selenium.support.ui.FluentWait.until(FluentWait.java:238)
	at com.scholastic.intl.litpro.test.automation.pageobjects.ParentPage.sync(ParentPage.java:100)
	at com.scholastic.intl.litpro.test.automation.pageobjects.ParentPage.type(ParentPage.java:134)
	at com.scholastic.intl.litpro.test.automation.pageobjects.SlzLoginPg.login(SlzLoginPg.java:239)
	at com.scholastic.intl.litpro.test.automation.pageobjects.SlzLoginPg.loginAs(SlzLoginPg.java:248)
	at com.scholastic.intl.litpro.test.automation.pageobjects.BasePage.launchPortal(BasePage.java:54)
	at com.scholastic.intl.litpro.test.automation.stepdefs.lpl.LplCommonFlow.i_login_into_SLZ_as_a(LplCommonFlow.java:83)
	at ✽.When I login into SLZ as a "Teacher"(LPLCommonUI.feature:402)
]]>
            </full-stacktrace>
          </exception> <!-- cucumber.runtime.CucumberException -->
          <reporter-output>
            <line>
              <![CDATA[<div "featureFile">Feature File: LPLCommonUI.feature</div>]]>
            </line>
            <line>
              <![CDATA[<div "feature">Feature: LitPro library</div>]]>
            </line>
            <line>
              <![CDATA[<div "scenario">Scenario: LitProLibrary - Validating the Usage Details of the student - Teacher</div>]]>
            </line>
            <line>
              <![CDATA[<div "result">When  I login into SLZ as a &quot;Student&quot; (passed : 2s)</div>]]>
            </line>
            <line>
              <![CDATA[<div "result">Then  I should collect the usage detail info (passed : 7s)</div>]]>
            </line>
            <line>
              <![CDATA[<div "result">When  I login into SLZ as a &quot;Teacher&quot; (failed : 361s)</div>]]>
            </line>
            <line>
              <![CDATA[<div "result">Then  I should click on &quot;breaking bad 6&quot; in roster tree (skipped)</div>]]>
            </line>
            <line>
              <![CDATA[<div "result">Then  I should click on &quot;Lui Class&quot; in roster tree (skipped)</div>]]>
            </line>
            <line>
              <![CDATA[<div "result">Then  I should click on student &quot;Snow Jon&quot; in roster tree (skipped)</div>]]>
            </line>
            <line>
              <![CDATA[<div "result">Then  I should compare usage detail info of student with teacher (skipped)</div>]]>
            </line>
          </reporter-output>
        </test-method> <!-- feature -->
        <test-method status="PASS" signature="tearDownClass()[pri:0, instance:com.scholastic.intl.litpro.test.automation.tests.CucumberFeatureSuite@4f970963]" name="tearDownClass" is-config="true" duration-ms="134" started-at="2018-05-22T12:53:58Z" finished-at="2018-05-22T12:53:58Z">
          <reporter-output>
          </reporter-output>
        </test-method> <!-- tearDownClass -->
      </class> <!-- com.scholastic.intl.litpro.test.automation.tests.CucumberFeatureSuite -->
    </test> <!-- @vikram -->
  </suite> <!-- Reading Pro Test Suite -->
</testng-results>
