<?xml version="1.0" encoding="UTF-8"?>
<!-- Generated by org.testng.reporters.JUnitReportReporter -->
<testsuite hostname="jagadeesh-ThinkPad-L450" name="com.scholastic.intl.litpro.test.automation.tests.CucumberFeatureSuite" tests="1" failures="0" timestamp="22 May 2018 07:23:58 GMT" time="378.487" errors="1">
  <testcase name="feature" time="378.487" classname="com.scholastic.intl.litpro.test.automation.tests.CucumberFeatureSuite">
    <error type="cucumber.runtime.CucumberException" message="java.lang.NullPointerException">
      <![CDATA[cucumber.runtime.CucumberException: java.lang.NullPointerException
	at com.scholastic.torque.cucumber.testng.CucumberTestNGRunner.runCucumber(CucumberTestNGRunner.java:111)
	at com.scholastic.torque.cucumber.testng.CukesByFeatureAndCompositionTest.feature(CukesByFeatureAndCompositionTest.java:22)
	at sun.reflect.NativeMethodAccessorImpl.invoke0(Native Method)
	at sun.reflect.NativeMethodAccessorImpl.invoke(NativeMethodAccessorImpl.java:62)
	at sun.reflect.DelegatingMethodAccessorImpl.invoke(DelegatingMethodAccessorImpl.java:43)
	at java.lang.reflect.Method.invoke(Method.java:498)
	at org.testng.internal.MethodInvocationHelper.invokeMethod(MethodInvocationHelper.java:86)
	at org.testng.internal.Invoker.invokeMethod(Invoker.java:643)
	at org.testng.internal.Invoker.invokeTestMethod(Invoker.java:820)
	at org.testng.internal.Invoker.invokeTestMethods(Invoker.java:1128)
	at org.testng.internal.TestMethodWorker.invokeTestMethods(TestMethodWorker.java:129)
	at org.testng.internal.TestMethodWorker.run(TestMethodWorker.java:112)
	at org.testng.TestRunner.privateRun(TestRunner.java:782)
	at org.testng.TestRunner.run(TestRunner.java:632)
	at org.testng.SuiteRunner.runTest(SuiteRunner.java:366)
	at org.testng.SuiteRunner.access$000(SuiteRunner.java:39)
	at org.testng.SuiteRunner$SuiteWorker.run(SuiteRunner.java:400)
	at org.testng.internal.thread.ThreadUtil$2.call(ThreadUtil.java:64)
	at java.util.concurrent.FutureTask.run(FutureTask.java:266)
	at java.util.concurrent.ThreadPoolExecutor.runWorker(ThreadPoolExecutor.java:1149)
	at java.util.concurrent.ThreadPoolExecutor$Worker.run(ThreadPoolExecutor.java:624)
	at java.lang.Thread.run(Thread.java:748)
Caused by: java.lang.NullPointerException
	at org.openqa.selenium.support.ui.ExpectedConditions.elementIfVisible(ExpectedConditions.java:302)
	at org.openqa.selenium.support.ui.ExpectedConditions.access$100(ExpectedConditions.java:41)
	at org.openqa.selenium.support.ui.ExpectedConditions$10.apply(ExpectedConditions.java:288)
	at org.openqa.selenium.support.ui.ExpectedConditions$10.apply(ExpectedConditions.java:285)
	at org.openqa.selenium.support.ui.FluentWait.until(FluentWait.java:238)
	at com.scholastic.intl.litpro.test.automation.pageobjects.ParentPage.sync(ParentPage.java:100)
	at com.scholastic.intl.litpro.test.automation.pageobjects.ParentPage.type(ParentPage.java:134)
	at com.scholastic.intl.litpro.test.automation.pageobjects.SlzLoginPg.login(SlzLoginPg.java:239)
	at com.scholastic.intl.litpro.test.automation.pageobjects.SlzLoginPg.loginAs(SlzLoginPg.java:248)
	at com.scholastic.intl.litpro.test.automation.pageobjects.BasePage.launchPortal(BasePage.java:54)
	at com.scholastic.intl.litpro.test.automation.stepdefs.lpl.LplCommonFlow.i_login_into_SLZ_as_a(LplCommonFlow.java:83)
	at ✽.When I login into SLZ as a "Teacher"(LPLCommonUI.feature:402)
]]>
    </error>
  </testcase> <!-- feature -->
</testsuite> <!-- com.scholastic.intl.litpro.test.automation.tests.CucumberFeatureSuite -->
